<?xml version="1.0" encoding="UTF-8"?>
<!-- Generated by org.testng.reporters.JUnitXMLReporter -->
<testsuite hostname="ADS40" name="Test" tests="22" failures="0" timestamp="30 Jun 2017 13:13:48 GMT" time="0.984" errors="0">
  <testcase name="@BeforeTest beforeTest" time="0.0" classname="exe.NewTest">
    <failure type="java.lang.IllegalStateException" message="The driver executable does not exist: F:\chromedriver_win32\chromedriver.exe">
      <![CDATA[java.lang.IllegalStateException: The driver executable does not exist: F:\chromedriver_win32\chromedriver.exe
	at com.google.common.base.Preconditions.checkState(Preconditions.java:197)
	at org.openqa.selenium.remote.service.DriverService.checkExecutable(DriverService.java:122)
	at org.openqa.selenium.remote.service.DriverService.findExecutable(DriverService.java:117)
	at org.openqa.selenium.chrome.ChromeDriverService.access$000(ChromeDriverService.java:32)
	at org.openqa.selenium.chrome.ChromeDriverService$Builder.findDefaultExecutable(ChromeDriverService.java:118)
	at org.openqa.selenium.remote.service.DriverService$Builder.build(DriverService.java:291)
	at org.openqa.selenium.chrome.ChromeDriverService.createDefaultService(ChromeDriverService.java:82)
	at org.openqa.selenium.chrome.ChromeDriver.<init>(ChromeDriver.java:117)
	at exe.NewTest.beforeTest(NewTest.java:21)
... Removed 22 stack frames]]>
    </failure>
  </testcase> <!-- @BeforeTest beforeTest -->
  <testcase name="@AfterTest afterTest" time="0.0" classname="exe.NewTest">
    <skipped/>
  </testcase> <!-- @AfterTest afterTest -->
  <testcase name="HS_Contract_SchedRef_TC012" time="0.004" classname="exe.HS_Contract_SchedRef_Check_TS005">
    <skipped/>
  </testcase> <!-- HS_Contract_SchedRef_TC012 -->
  <testcase name="HS_Contract_SchedRef_TC013" time="0.004" classname="exe.HS_Contract_SchedRef_Check_TS005">
    <skipped/>
  </testcase> <!-- HS_Contract_SchedRef_TC013 -->
  <testcase name="HS_DBConnCheck_TC001" time="0.004" classname="exe.HS_ConnCheck_TS001">
    <skipped/>
  </testcase> <!-- HS_DBConnCheck_TC001 -->
  <testcase name="HS_InputFileExistance_TC002" time="0.004" classname="exe.HS_ConnCheck_TS001">
    <skipped/>
  </testcase> <!-- HS_InputFileExistance_TC002 -->
  <testcase name="HS_Record_Type_AS_Debt_Cancel_TC004" time="0.002" classname="exe.HS_Record_Type_DataValidation_TS003">
    <skipped/>
  </testcase> <!-- HS_Record_Type_AS_Debt_Cancel_TC004 -->
  <testcase name="HS_Record_Type_AS_Debt_Delinquent_Letter_TC005" time="0.002" classname="exe.HS_Record_Type_DataValidation_TS003">
    <skipped/>
  </testcase> <!-- HS_Record_Type_AS_Debt_Delinquent_Letter_TC005 -->
  <testcase name="HS_Record_Type_AS_HS_DownGrade_TC006" time="0.004" classname="exe.HS_Record_Type_DataValidation_TS003">
    <skipped/>
  </testcase> <!-- HS_Record_Type_AS_HS_DownGrade_TC006 -->
  <testcase name="HS_Record_Type_AS_HS_Price_Increase_TC007" time="0.004" classname="exe.HS_Record_Type_DataValidation_TS003">
    <skipped/>
  </testcase> <!-- HS_Record_Type_AS_HS_Price_Increase_TC007 -->
  <testcase name="HS_Record_Type_AS_NULL_TC008" time="0.004" classname="exe.HS_Record_Type_DataValidation_TS003">
    <skipped/>
  </testcase> <!-- HS_Record_Type_AS_NULL_TC008 -->
  <testcase name="HS_Premise_Home_Phone_Check_TC013" time="0.002" classname="exe.HS_Phone_Number_Check_TS006">
    <skipped/>
  </testcase> <!-- HS_Premise_Home_Phone_Check_TC013 -->
  <testcase name="HS_Premise_Home_Phone_Check_TC014" time="0.0" classname="exe.HS_Phone_Number_Check_TS006">
    <skipped/>
  </testcase> <!-- HS_Premise_Home_Phone_Check_TC014 -->
  <testcase name="HS_Premise_Work_Phone_Check_TC015" time="0.002" classname="exe.HS_Phone_Number_Check_TS006">
    <skipped/>
  </testcase> <!-- HS_Premise_Work_Phone_Check_TC015 -->
  <testcase name="HS_Premise_Work_Phone_Check_TC016" time="0.002" classname="exe.HS_Phone_Number_Check_TS006">
    <skipped/>
  </testcase> <!-- HS_Premise_Work_Phone_Check_TC016 -->
  <testcase name="HS_Premise_Work_Phone_Check_TC017" time="0.002" classname="exe.HS_Phone_Number_Check_TS006">
    <skipped/>
  </testcase> <!-- HS_Premise_Work_Phone_Check_TC017 -->
  <testcase name="HS_Premise_First_Name_Check_TC018" time="0.004" classname="exe.HS_Premise_Name_Check_TS007">
    <skipped/>
  </testcase> <!-- HS_Premise_First_Name_Check_TC018 -->
  <testcase name="HS_Premise_Last_Name_Check_TC019" time="0.006" classname="exe.HS_Premise_Name_Check_TS007">
    <skipped/>
  </testcase> <!-- HS_Premise_Last_Name_Check_TC019 -->
  <testcase name="HS_FileLevelRecCount_TC003" time="0.002" classname="exe.HS_RecCount_TS002">
    <skipped/>
  </testcase> <!-- HS_FileLevelRecCount_TC003 -->
  <testcase name="HS_Mailing_City_Mandatory_Check_TC010" time="0.002" classname="exe.HS_Mandatory_Column_Check_TS004">
    <skipped/>
  </testcase> <!-- HS_Mailing_City_Mandatory_Check_TC010 -->
  <testcase name="HS_Partner_Account_Number_Mandatory_And_Length_Check_TC011" time="0.004" classname="exe.HS_Mandatory_Column_Check_TS004">
    <skipped/>
  </testcase> <!-- HS_Partner_Account_Number_Mandatory_And_Length_Check_TC011 -->
  <testcase name="HS_Premise_City_Mandatory_Check_TC008" time="0.002" classname="exe.HS_Mandatory_Column_Check_TS004">
    <skipped/>
  </testcase> <!-- HS_Premise_City_Mandatory_Check_TC008 -->
  <testcase name="HS_Premise_State_Mandatory_Check_TC009" time="0.004" classname="exe.HS_Mandatory_Column_Check_TS004">
    <skipped/>
  </testcase> <!-- HS_Premise_State_Mandatory_Check_TC009 -->
  <testcase name="testEasy" time="0.002" classname="exe.NewTest">
    <skipped/>
  </testcase> <!-- testEasy -->
</testsuite> <!-- Test -->
