<?xml version="1.0" encoding="UTF-8"?>
<testng-results skipped="22" failed="0" total="22" passed="0">
  <reporter-output>
  </reporter-output>
  <suite name="Suite" duration-ms="984" started-at="2017-06-30T13:13:47Z" finished-at="2017-06-30T13:13:48Z">
    <groups>
    </groups>
    <test name="Test" duration-ms="984" started-at="2017-06-30T13:13:47Z" finished-at="2017-06-30T13:13:48Z">
      <class name="exe.HS_Mandatory_Column_Check_TS004">
        <test-method status="SKIP" signature="HS_Mailing_City_Mandatory_Check_TC010()[pri:0, instance:exe.HS_Mandatory_Column_Check_TS004@91161c7]" name="HS_Mailing_City_Mandatory_Check_TC010" duration-ms="2" started-at="2017-06-30T18:43:48Z" finished-at="2017-06-30T18:43:48Z">
          <reporter-output>
          </reporter-output>
        </test-method> <!-- HS_Mailing_City_Mandatory_Check_TC010 -->
        <test-method status="SKIP" signature="HS_Partner_Account_Number_Mandatory_And_Length_Check_TC011()[pri:0, instance:exe.HS_Mandatory_Column_Check_TS004@91161c7]" name="HS_Partner_Account_Number_Mandatory_And_Length_Check_TC011" duration-ms="4" started-at="2017-06-30T18:43:48Z" finished-at="2017-06-30T18:43:48Z">
          <reporter-output>
          </reporter-output>
        </test-method> <!-- HS_Partner_Account_Number_Mandatory_And_Length_Check_TC011 -->
        <test-method status="SKIP" signature="HS_Premise_City_Mandatory_Check_TC008()[pri:0, instance:exe.HS_Mandatory_Column_Check_TS004@91161c7]" name="HS_Premise_City_Mandatory_Check_TC008" duration-ms="2" started-at="2017-06-30T18:43:48Z" finished-at="2017-06-30T18:43:48Z">
          <reporter-output>
          </reporter-output>
        </test-method> <!-- HS_Premise_City_Mandatory_Check_TC008 -->
        <test-method status="SKIP" signature="HS_Premise_State_Mandatory_Check_TC009()[pri:0, instance:exe.HS_Mandatory_Column_Check_TS004@91161c7]" name="HS_Premise_State_Mandatory_Check_TC009" duration-ms="4" started-at="2017-06-30T18:43:48Z" finished-at="2017-06-30T18:43:48Z">
          <reporter-output>
          </reporter-output>
        </test-method> <!-- HS_Premise_State_Mandatory_Check_TC009 -->
      </class> <!-- exe.HS_Mandatory_Column_Check_TS004 -->
      <class name="exe.HS_Record_Type_DataValidation_TS003">
        <test-method status="SKIP" signature="HS_Record_Type_AS_Debt_Cancel_TC004()[pri:0, instance:exe.HS_Record_Type_DataValidation_TS003@5e3a8624]" name="HS_Record_Type_AS_Debt_Cancel_TC004" duration-ms="2" started-at="2017-06-30T18:43:48Z" finished-at="2017-06-30T18:43:48Z">
          <reporter-output>
          </reporter-output>
        </test-method> <!-- HS_Record_Type_AS_Debt_Cancel_TC004 -->
        <test-method status="SKIP" signature="HS_Record_Type_AS_Debt_Delinquent_Letter_TC005()[pri:0, instance:exe.HS_Record_Type_DataValidation_TS003@5e3a8624]" name="HS_Record_Type_AS_Debt_Delinquent_Letter_TC005" duration-ms="2" started-at="2017-06-30T18:43:48Z" finished-at="2017-06-30T18:43:48Z">
          <reporter-output>
          </reporter-output>
        </test-method> <!-- HS_Record_Type_AS_Debt_Delinquent_Letter_TC005 -->
        <test-method status="SKIP" signature="HS_Record_Type_AS_HS_DownGrade_TC006()[pri:0, instance:exe.HS_Record_Type_DataValidation_TS003@5e3a8624]" name="HS_Record_Type_AS_HS_DownGrade_TC006" duration-ms="4" started-at="2017-06-30T18:43:48Z" finished-at="2017-06-30T18:43:48Z">
          <reporter-output>
          </reporter-output>
        </test-method> <!-- HS_Record_Type_AS_HS_DownGrade_TC006 -->
        <test-method status="SKIP" signature="HS_Record_Type_AS_HS_Price_Increase_TC007()[pri:0, instance:exe.HS_Record_Type_DataValidation_TS003@5e3a8624]" name="HS_Record_Type_AS_HS_Price_Increase_TC007" duration-ms="4" started-at="2017-06-30T18:43:48Z" finished-at="2017-06-30T18:43:48Z">
          <reporter-output>
          </reporter-output>
        </test-method> <!-- HS_Record_Type_AS_HS_Price_Increase_TC007 -->
        <test-method status="SKIP" signature="HS_Record_Type_AS_NULL_TC008()[pri:0, instance:exe.HS_Record_Type_DataValidation_TS003@5e3a8624]" name="HS_Record_Type_AS_NULL_TC008" duration-ms="4" started-at="2017-06-30T18:43:48Z" finished-at="2017-06-30T18:43:48Z">
          <reporter-output>
          </reporter-output>
        </test-method> <!-- HS_Record_Type_AS_NULL_TC008 -->
      </class> <!-- exe.HS_Record_Type_DataValidation_TS003 -->
      <class name="exe.HS_ConnCheck_TS001">
        <test-method status="SKIP" signature="HS_DBConnCheck_TC001()[pri:0, instance:exe.HS_ConnCheck_TS001@27efef64]" name="HS_DBConnCheck_TC001" duration-ms="4" started-at="2017-06-30T18:43:48Z" finished-at="2017-06-30T18:43:48Z">
          <reporter-output>
          </reporter-output>
        </test-method> <!-- HS_DBConnCheck_TC001 -->
        <test-method status="SKIP" signature="HS_InputFileExistance_TC002()[pri:0, instance:exe.HS_ConnCheck_TS001@27efef64]" name="HS_InputFileExistance_TC002" duration-ms="4" started-at="2017-06-30T18:43:48Z" finished-at="2017-06-30T18:43:48Z">
          <reporter-output>
          </reporter-output>
        </test-method> <!-- HS_InputFileExistance_TC002 -->
      </class> <!-- exe.HS_ConnCheck_TS001 -->
      <class name="exe.HS_Premise_Name_Check_TS007">
        <test-method status="SKIP" signature="HS_Premise_First_Name_Check_TC018()[pri:0, instance:exe.HS_Premise_Name_Check_TS007@4c70fda8]" name="HS_Premise_First_Name_Check_TC018" duration-ms="4" started-at="2017-06-30T18:43:48Z" finished-at="2017-06-30T18:43:48Z">
          <reporter-output>
          </reporter-output>
        </test-method> <!-- HS_Premise_First_Name_Check_TC018 -->
        <test-method status="SKIP" signature="HS_Premise_Last_Name_Check_TC019()[pri:0, instance:exe.HS_Premise_Name_Check_TS007@4c70fda8]" name="HS_Premise_Last_Name_Check_TC019" duration-ms="6" started-at="2017-06-30T18:43:48Z" finished-at="2017-06-30T18:43:48Z">
          <reporter-output>
          </reporter-output>
        </test-method> <!-- HS_Premise_Last_Name_Check_TC019 -->
      </class> <!-- exe.HS_Premise_Name_Check_TS007 -->
      <class name="exe.NewTest">
        <test-method status="FAIL" signature="beforeTest()[pri:0, instance:exe.NewTest@3e6fa38a]" name="beforeTest" is-config="true" duration-ms="0" started-at="2017-06-30T18:43:47Z" finished-at="2017-06-30T18:43:47Z">
          <exception class="java.lang.IllegalStateException">
            <message>
              <![CDATA[The driver executable does not exist: F:\chromedriver_win32\chromedriver.exe]]>
            </message>
            <full-stacktrace>
              <![CDATA[java.lang.IllegalStateException: The driver executable does not exist: F:\chromedriver_win32\chromedriver.exe
	at com.google.common.base.Preconditions.checkState(Preconditions.java:197)
	at org.openqa.selenium.remote.service.DriverService.checkExecutable(DriverService.java:122)
	at org.openqa.selenium.remote.service.DriverService.findExecutable(DriverService.java:117)
	at org.openqa.selenium.chrome.ChromeDriverService.access$000(ChromeDriverService.java:32)
	at org.openqa.selenium.chrome.ChromeDriverService$Builder.findDefaultExecutable(ChromeDriverService.java:118)
	at org.openqa.selenium.remote.service.DriverService$Builder.build(DriverService.java:291)
	at org.openqa.selenium.chrome.ChromeDriverService.createDefaultService(ChromeDriverService.java:82)
	at org.openqa.selenium.chrome.ChromeDriver.<init>(ChromeDriver.java:117)
	at exe.NewTest.beforeTest(NewTest.java:21)
	at sun.reflect.NativeMethodAccessorImpl.invoke0(Native Method)
	at sun.reflect.NativeMethodAccessorImpl.invoke(Unknown Source)
	at sun.reflect.DelegatingMethodAccessorImpl.invoke(Unknown Source)
	at java.lang.reflect.Method.invoke(Unknown Source)
	at org.testng.internal.MethodInvocationHelper.invokeMethod(MethodInvocationHelper.java:80)
	at org.testng.internal.Invoker.invokeConfigurationMethod(Invoker.java:564)
	at org.testng.internal.Invoker.invokeConfigurations(Invoker.java:213)
	at org.testng.internal.Invoker.invokeConfigurations(Invoker.java:138)
	at org.testng.TestRunner.beforeRun(TestRunner.java:641)
	at org.testng.TestRunner.run(TestRunner.java:609)
	at org.testng.SuiteRunner.runTest(SuiteRunner.java:334)
	at org.testng.SuiteRunner.runSequentially(SuiteRunner.java:329)
	at org.testng.SuiteRunner.privateRun(SuiteRunner.java:291)
	at org.testng.SuiteRunner.run(SuiteRunner.java:240)
	at org.testng.SuiteRunnerWorker.runSuite(SuiteRunnerWorker.java:52)
	at org.testng.SuiteRunnerWorker.run(SuiteRunnerWorker.java:86)
	at org.testng.TestNG.runSuitesSequentially(TestNG.java:1198)
	at org.testng.TestNG.runSuitesLocally(TestNG.java:1123)
	at org.testng.TestNG.run(TestNG.java:1031)
	at org.testng.remote.AbstractRemoteTestNG.run(AbstractRemoteTestNG.java:132)
	at org.testng.remote.RemoteTestNG.initAndRun(RemoteTestNG.java:230)
	at org.testng.remote.RemoteTestNG.main(RemoteTestNG.java:76)
]]>
            </full-stacktrace>
          </exception> <!-- java.lang.IllegalStateException -->
          <reporter-output>
          </reporter-output>
        </test-method> <!-- beforeTest -->
        <test-method status="SKIP" signature="testEasy()[pri:0, instance:exe.NewTest@3e6fa38a]" name="testEasy" duration-ms="2" started-at="2017-06-30T18:43:48Z" finished-at="2017-06-30T18:43:48Z">
          <reporter-output>
          </reporter-output>
        </test-method> <!-- testEasy -->
        <test-method status="SKIP" signature="afterTest()[pri:0, instance:exe.NewTest@3e6fa38a]" name="afterTest" is-config="true" duration-ms="0" started-at="2017-06-30T18:43:48Z" finished-at="2017-06-30T18:43:48Z">
          <reporter-output>
          </reporter-output>
        </test-method> <!-- afterTest -->
      </class> <!-- exe.NewTest -->
      <class name="exe.HS_RecCount_TS002">
        <test-method status="SKIP" signature="HS_FileLevelRecCount_TC003()[pri:0, instance:exe.HS_RecCount_TS002@ae45eb6]" name="HS_FileLevelRecCount_TC003" duration-ms="2" started-at="2017-06-30T18:43:48Z" finished-at="2017-06-30T18:43:48Z">
          <reporter-output>
          </reporter-output>
        </test-method> <!-- HS_FileLevelRecCount_TC003 -->
      </class> <!-- exe.HS_RecCount_TS002 -->
      <class name="exe.HS_Phone_Number_Check_TS006">
        <test-method status="SKIP" signature="HS_Premise_Home_Phone_Check_TC013()[pri:0, instance:exe.HS_Phone_Number_Check_TS006@5c3bd550]" name="HS_Premise_Home_Phone_Check_TC013" duration-ms="2" started-at="2017-06-30T18:43:48Z" finished-at="2017-06-30T18:43:48Z">
          <reporter-output>
          </reporter-output>
        </test-method> <!-- HS_Premise_Home_Phone_Check_TC013 -->
        <test-method status="SKIP" signature="HS_Premise_Home_Phone_Check_TC014()[pri:0, instance:exe.HS_Phone_Number_Check_TS006@5c3bd550]" name="HS_Premise_Home_Phone_Check_TC014" duration-ms="0" started-at="2017-06-30T18:43:48Z" finished-at="2017-06-30T18:43:48Z">
          <reporter-output>
          </reporter-output>
        </test-method> <!-- HS_Premise_Home_Phone_Check_TC014 -->
        <test-method status="SKIP" signature="HS_Premise_Work_Phone_Check_TC015()[pri:0, instance:exe.HS_Phone_Number_Check_TS006@5c3bd550]" name="HS_Premise_Work_Phone_Check_TC015" duration-ms="2" started-at="2017-06-30T18:43:48Z" finished-at="2017-06-30T18:43:48Z">
          <reporter-output>
          </reporter-output>
        </test-method> <!-- HS_Premise_Work_Phone_Check_TC015 -->
        <test-method status="SKIP" signature="HS_Premise_Work_Phone_Check_TC016()[pri:0, instance:exe.HS_Phone_Number_Check_TS006@5c3bd550]" name="HS_Premise_Work_Phone_Check_TC016" duration-ms="2" started-at="2017-06-30T18:43:48Z" finished-at="2017-06-30T18:43:48Z">
          <reporter-output>
          </reporter-output>
        </test-method> <!-- HS_Premise_Work_Phone_Check_TC016 -->
        <test-method status="SKIP" signature="HS_Premise_Work_Phone_Check_TC017()[pri:0, instance:exe.HS_Phone_Number_Check_TS006@5c3bd550]" name="HS_Premise_Work_Phone_Check_TC017" duration-ms="2" started-at="2017-06-30T18:43:48Z" finished-at="2017-06-30T18:43:48Z">
          <reporter-output>
          </reporter-output>
        </test-method> <!-- HS_Premise_Work_Phone_Check_TC017 -->
      </class> <!-- exe.HS_Phone_Number_Check_TS006 -->
      <class name="exe.HS_Contract_SchedRef_Check_TS005">
        <test-method status="SKIP" signature="HS_Contract_SchedRef_TC012()[pri:0, instance:exe.HS_Contract_SchedRef_Check_TS005@59f99ea]" name="HS_Contract_SchedRef_TC012" duration-ms="4" started-at="2017-06-30T18:43:48Z" finished-at="2017-06-30T18:43:48Z">
          <reporter-output>
          </reporter-output>
        </test-method> <!-- HS_Contract_SchedRef_TC012 -->
        <test-method status="SKIP" signature="HS_Contract_SchedRef_TC013()[pri:0, instance:exe.HS_Contract_SchedRef_Check_TS005@59f99ea]" name="HS_Contract_SchedRef_TC013" duration-ms="4" started-at="2017-06-30T18:43:48Z" finished-at="2017-06-30T18:43:48Z">
          <reporter-output>
          </reporter-output>
        </test-method> <!-- HS_Contract_SchedRef_TC013 -->
      </class> <!-- exe.HS_Contract_SchedRef_Check_TS005 -->
    </test> <!-- Test -->
  </suite> <!-- Suite -->
</testng-results>
